{"uid":"7c0f1b8b73ce197","name":"test_celery_boilerplate_task_direct","fullName":"backend.tests.test_celery_boilerplate#test_celery_boilerplate_task_direct","historyId":"9b8dc4f07f3c3618cd3c11994b415b6c","time":{"start":1716898270711,"stop":1716898271727,"duration":1016},"description":"\n    Shows how to test celery tasks with test worker\n    ","descriptionHtml":"<pre><code>Shows how to test celery tasks with test worker\n</code></pre>\n","status":"failed","statusMessage":"AssertionError: assert == failed. [pytest-clarity diff shown]\n  \u001B[0m\n  \u001B[0m\u001B[32mLHS\u001B[0m vs \u001B[31mRHS\u001B[0m shown below\n  \u001B[0m\n  \u001B[0m\u001B[32m33\u001B[0m\n  \u001B[0m\u001B[31m44\u001B[0m\n  \u001B[0m","statusTrace":"celery_session_worker = <Worker: gen2268@fv-az1272-211 (running)>\ncelery_session_app = <Celery celery.tests at 0x7f175c610320>\n\n    def test_celery_boilerplate_task_direct(celery_session_worker, celery_session_app):\n        \"\"\"\n        Shows how to test celery tasks with test worker\n        \"\"\"\n        with patch(\"backend.app.tasks.debug.dummy_function\", return_value=44):\n>           assert app.tasks.debug.dummy_task.delay().get(timeout=10) == 44\nE           assert == failed. [pytest-clarity diff shown]\nE             \u001B[0m\nE             \u001B[0m\u001B[32mLHS\u001B[0m vs \u001B[31mRHS\u001B[0m shown below\nE             \u001B[0m\nE             \u001B[0m\u001B[32m33\u001B[0m\nE             \u001B[0m\u001B[31m44\u001B[0m\nE             \u001B[0m\n\nbackend/tests/test_celery_boilerplate.py:31: AssertionError","flaky":false,"newFailed":false,"newBroken":false,"newPassed":false,"retriesCount":0,"retriesStatusChange":false,"beforeStages":[{"name":"celery_enable_logging","time":{"start":1716898269120,"stop":1716898269120,"duration":0},"status":"passed","steps":[],"attachments":[],"parameters":[],"shouldDisplayMessage":false,"attachmentsCount":0,"stepsCount":0,"hasContent":false,"attachmentStep":false},{"name":"celery_config","time":{"start":1716898269121,"stop":1716898269121,"duration":0},"status":"passed","steps":[],"attachments":[],"parameters":[],"shouldDisplayMessage":false,"attachmentsCount":0,"stepsCount":0,"hasContent":false,"attachmentStep":false},{"name":"celery_parameters","time":{"start":1716898269121,"stop":1716898269121,"duration":0},"status":"passed","steps":[],"attachments":[],"parameters":[],"shouldDisplayMessage":false,"attachmentsCount":0,"stepsCount":0,"hasContent":false,"attachmentStep":false},{"name":"celery_session_app","time":{"start":1716898269122,"stop":1716898269130,"duration":8},"status":"passed","steps":[],"attachments":[],"parameters":[],"shouldDisplayMessage":false,"attachmentsCount":0,"stepsCount":0,"hasContent":false,"attachmentStep":false},{"name":"use_celery_app_trap","time":{"start":1716898269122,"stop":1716898269122,"duration":0},"status":"passed","steps":[],"attachments":[],"parameters":[],"shouldDisplayMessage":false,"attachmentsCount":0,"stepsCount":0,"hasContent":false,"attachmentStep":false},{"name":"celery_worker_pool","time":{"start":1716898269131,"stop":1716898269132,"duration":1},"status":"passed","steps":[],"attachments":[],"parameters":[],"shouldDisplayMessage":false,"attachmentsCount":0,"stepsCount":0,"hasContent":false,"attachmentStep":false},{"name":"celery_class_tasks","time":{"start":1716898269131,"stop":1716898269131,"duration":0},"status":"passed","steps":[],"attachments":[],"parameters":[],"shouldDisplayMessage":false,"attachmentsCount":0,"stepsCount":0,"hasContent":false,"attachmentStep":false},{"name":"celery_includes","time":{"start":1716898269131,"stop":1716898269131,"duration":0},"status":"passed","steps":[],"attachments":[],"parameters":[],"shouldDisplayMessage":false,"attachmentsCount":0,"stepsCount":0,"hasContent":false,"attachmentStep":false},{"name":"celery_worker_parameters","time":{"start":1716898269132,"stop":1716898269132,"duration":0},"status":"passed","steps":[],"attachments":[],"parameters":[],"shouldDisplayMessage":false,"attachmentsCount":0,"stepsCount":0,"hasContent":false,"attachmentStep":false},{"name":"celery_session_worker","time":{"start":1716898269132,"stop":1716898269444,"duration":312},"status":"passed","steps":[],"attachments":[],"parameters":[],"shouldDisplayMessage":false,"attachmentsCount":0,"stepsCount":0,"hasContent":false,"attachmentStep":false}],"testStage":{"description":"\n    Shows how to test celery tasks with test worker\n    ","status":"failed","statusMessage":"AssertionError: assert == failed. [pytest-clarity diff shown]\n  \u001B[0m\n  \u001B[0m\u001B[32mLHS\u001B[0m vs \u001B[31mRHS\u001B[0m shown below\n  \u001B[0m\n  \u001B[0m\u001B[32m33\u001B[0m\n  \u001B[0m\u001B[31m44\u001B[0m\n  \u001B[0m","statusTrace":"celery_session_worker = <Worker: gen2268@fv-az1272-211 (running)>\ncelery_session_app = <Celery celery.tests at 0x7f175c610320>\n\n    def test_celery_boilerplate_task_direct(celery_session_worker, celery_session_app):\n        \"\"\"\n        Shows how to test celery tasks with test worker\n        \"\"\"\n        with patch(\"backend.app.tasks.debug.dummy_function\", return_value=44):\n>           assert app.tasks.debug.dummy_task.delay().get(timeout=10) == 44\nE           assert == failed. [pytest-clarity diff shown]\nE             \u001B[0m\nE             \u001B[0m\u001B[32mLHS\u001B[0m vs \u001B[31mRHS\u001B[0m shown below\nE             \u001B[0m\nE             \u001B[0m\u001B[32m33\u001B[0m\nE             \u001B[0m\u001B[31m44\u001B[0m\nE             \u001B[0m\n\nbackend/tests/test_celery_boilerplate.py:31: AssertionError","steps":[],"attachments":[{"uid":"fde5701ce01e7d0f","name":"log","source":"fde5701ce01e7d0f.txt","type":"text/plain","size":245}],"parameters":[],"shouldDisplayMessage":true,"attachmentsCount":1,"stepsCount":0,"hasContent":true,"attachmentStep":false},"afterStages":[{"name":"celery_session_worker::0","time":{"start":1716898271731,"stop":1716898274343,"duration":2612},"status":"passed","steps":[],"attachments":[],"parameters":[],"shouldDisplayMessage":false,"attachmentsCount":0,"stepsCount":0,"hasContent":false,"attachmentStep":false},{"name":"celery_session_app::0","time":{"start":1716898274346,"stop":1716898274346,"duration":0},"status":"passed","steps":[],"attachments":[],"parameters":[],"shouldDisplayMessage":false,"attachmentsCount":0,"stepsCount":0,"hasContent":false,"attachmentStep":false}],"labels":[{"name":"parentSuite","value":"backend.tests"},{"name":"suite","value":"test_celery_boilerplate"},{"name":"host","value":"fv-az1272-211"},{"name":"thread","value":"2268-MainThread"},{"name":"framework","value":"pytest"},{"name":"language","value":"cpython3"},{"name":"package","value":"backend.tests.test_celery_boilerplate"},{"name":"resultFormat","value":"allure2"}],"parameters":[],"links":[],"hidden":false,"retry":false,"extra":{"severity":"normal","retries":[],"categories":[{"name":"Product defects","matchedStatuses":[],"flaky":false}],"history":{"statistic":{"failed":2,"broken":0,"skipped":0,"passed":1,"unknown":0,"total":3},"items":[{"uid":"2dcb6e3a4e943f40","reportUrl":"https://andgineer.github.io/fastapi-celery/builds/tests/47//#testresult/2dcb6e3a4e943f40","status":"failed","statusDetails":"AssertionError: assert == failed. [pytest-clarity diff shown]\n  \u001B[0m\n  \u001B[0m\u001B[32mLHS\u001B[0m vs \u001B[31mRHS\u001B[0m shown below\n  \u001B[0m\n  \u001B[0m\u001B[32m33\u001B[0m\n  \u001B[0m\u001B[31m44\u001B[0m\n  \u001B[0m","time":{"start":1716820000801,"stop":1716820001657,"duration":856}},{"uid":"5141b0e9fd5317bc","reportUrl":"https://andgineer.github.io/fastapi-celery/builds/tests/46//#testresult/5141b0e9fd5317bc","status":"passed","time":{"start":1716819840675,"stop":1716819841809,"duration":1134}}]},"tags":[]},"source":"7c0f1b8b73ce197.json","parameterValues":[]}